<?xml version="1.0" encoding="UTF-8"?>
<!-- Generated by org.testng.reporters.JUnitReportReporter -->
<testsuite skipped="0" hostname="vipin-Aspire-4736Z" name="Automation.FrameWork.RestAssuredTestCases" tests="4" failures="0" timestamp="16 Jan 2018 16:50:14 GMT" time="8.168" errors="0">
  <testcase name="postRequest" time="0.780" classname="Automation.FrameWork.RestAssuredTestCases"/>
  <testcase name="postRequest2" time="0.688" classname="Automation.FrameWork.RestAssuredTestCases"/>
  <testcase name="getRequest" time="5.351" classname="Automation.FrameWork.RestAssuredTestCases"/>
  <testcase name="postRequest1" time="1.349" classname="Automation.FrameWork.RestAssuredTestCases"/>
</testsuite> <!-- Automation.FrameWork.RestAssuredTestCases -->
