<?xml version="1.0" encoding="UTF-8"?>
<!-- Generated by org.testng.reporters.JUnitReportReporter -->
<testsuite skipped="0" hostname="vipin-Aspire-4736Z" name="Automation.FrameWork.TestCase" tests="1" failures="0" timestamp="16 Jan 2018 14:03:29 GMT" time="3.271" errors="0">
  <testcase name="test1" time="3.271" classname="Automation.FrameWork.TestCase"/>
</testsuite> <!-- Automation.FrameWork.TestCase -->
